Acraea-terpsicore
Aeromachus-dubius
Aeromachus-jhora
Aeromachus-kali
Aeromachus-pygmaeus
Aeromachus-stigmata
Allotinus-drumila
Allotinus-unicolor
Ampittia-dioscorides
Ampittia-subvittatus
Ancema-blanka
Ancema-ctesia
Ancema-sudica
Ancistroides-nigrita
Arnetta-atkinsoni
Arnetta-mercara
Arnetta-vindhiana
Astictopterus-jama
Athyma-punctata
Athyma-ranga
Athyma-selenophora
Athyma-zeroca
Aulocera-padma
Aulocera-saraswati
Aulocera-swaha
Auzakia-danava
Badamia-exclamationis
Baoris-unicolor
Baracus-hampsoni
Baracus-septentrionum
Baracus-subditus
Bhagadatta-austenia
Bhutanitis-lidderdalii
Bhutanitis-ludlowi
Bibasis-mahintha
Borbo-bevani
Borbo-cinnara
Byasa-polla
Byasa-polyeuctes
Callerebia-annada
Callerebia-baileyi
Callerebia-dibangensis
Callerebia-hyagriva
Callerebia-hybrida
Callerebia-narasingha
Callerebia-nirmala
Callerebia-orixa
Caltoris-aurociliata
Caltoris-canaraica
Caltoris-kumara
Capila-jayadeva
Capila-lidderdali
Capila-phanaeus
Capila-pieridoides
Capila-zennara
Caprona-agama
Caprona-alida
Caprona-ransonnettii
Carcharodus-alceae
Celaenorrhinus-aurivittata
Celaenorrhinus-fusca
Celaenorrhinus-leucocera
Celaenorrhinus-munda
Celaenorrhinus-nigricans
Celaenorrhinus-patula
Celaenorrhinus-pero
Celaenorrhinus-plagifera
Celaenorrhinus-pulomaya
Celaenorrhinus-putra
Celaenorrhinus-pyrrha
Celaenorrhinus-ratna
Celaenorrhinus-tibetana
Celaenorrhinus-zea
Cethosia-biblis
Chamunda-chamunda
Coladenia-agni
Coladenia-agnioides
Coladenia-hoenei
Coladenia-indrani
Colotis-amata
Colotis-aurora
Creon-cleobis
Ctenoptilum-vasava
Dacalana-cotys
Dacalana-penicilligera
Darpa-hanria
Delias-pasithoe
Delias-sanaca
Doleschallia-bisaltide
Erionota-acroleuca
Erionota-apex
Erionota-thrax
Erionota-torus
Erynnis-pelias
Euchrysops-cnejus
Eurema-laeta
Eurema-nilgiriensis
Eurema-simulatrix
Freyeria-putli
Freyeria-trochylus
Fujiokaozephyrus-camurius
Gandaca-harina
Gangara-lebadea
Gangara-thyrsis
Gerosis-bhagava
Gerosis-phisara
Gerosis-sinica
Gomalia-elma
Gonepteryx-amintha
Gonepteryx-mahaguru
Graphium-agamemnon
Graphium-agetes
Graphium-antiphates
Graphium-aristeus
Graphium-epaminondas
Graphium-eurous
Graphium-eurypylus
Graphium-megarus
Graphium-sarpedon
Graphium-xenocles
Halpemorpha-hyrtacus
Hyponephele-brevistigma
Hyponephele-cheena
Hyponephele-coenonympha
Hyponephele-davendra
Hyponephele-pulchella
Hyponephele-pulchra
Iambrix-salsala
Inomataozephyrus-assamica
Junonia-atlites
Junonia-hierta
Junonia-iphita
Junonia-lemonias
Kallima-albofasciata
Karanasa-huebneri
Kirinia-eversmanni
Lachides-parrhasius
Lamproptera-curius
Lasiommata-maerula
Lasiommata-menava
Lasiommata-schakra
Lethe-atkinsonia
Lethe-baladeva
Lethe-bhairava
Lethe-brisanda
Lethe-chandica
Limenitis-ligyes
Limenitis-rileyi
Limenitis-trivena
Liphyra-brassolis
Logania-distanti
Luthrodes-pandava
Lycaena-aditya
Lycaena-kasyapa
Matapa-aria
Matapa-druna
Matapa-purpurascens
Miletus-chinensis
Moduza-procris
Mooreana-trichoneura
Neope-pulahina
Neptis-nata
Neptis-nycteus
Neptis-pseudovikasi
Neptis-radha
Neptis-sankara
Neptis-sappho
Niphanda-cymbia
Notocrypta-curvifascia
Notocrypta-feisthamelii
Notocrypta-paralysos
Odina-decoratus
Odontoptilum-angulata
Pachliopta-hector
Parasarpa-dudu
Parnassius-charltonius
Parnassius-epaphus
Parnassius-hardwickii
Parnassius-stoliczkanus
Penthema-lisarda
Petrelaea-dana
Pithauria-marsena
Pithauria-murdava
Pithauria-stramineipennis
Polyommatus-ariana
Polyommatus-dux
Polyommatus-janetae
Polyommatus-nepalensis
Polyommatus-pseuderos
Polyommatus-stoliczkana
Poritia-erycinoides
Poritia-hewitsoni
Pratapa-deva
Pratapa-icetas
Pseudocoladenia-fabia
Pseudocoladenia-fatih
Pseudocoladenia-fatua
Pseudocoladenia-festa
Pseudozizeeria-maha
Psolos-fuligo
Pudicitia-pholus
Rapala-dieneces
Rapala-iarbus
Rapala-lankana
Rapala-manea
Rapala-melida
Rapala-nissa
Rohana-parvata
Rohana-tonkiniana
Sarangesa-dasahara
Sarangesa-purendra
Scobura-cephala
Scobura-phiditia
Sephisa-chandra
Shirozuozephyrus-bhutanensis
Shirozuozephyrus-kirbariensis
Shizuyaozephyrus-ziha
Simiskina-phalena
Sovia-separata
Spialia-doris
Spialia-galba
Symbrenthia-hypselis
Symbrenthia-lilaea
Symbrenthia-niphanda
Symbrenthia-silana
Tapena-thwaitesi
Thermozephyrus-ataxus
Thoressa-astigmata
Thoressa-cerata
Thoressa-evershedi
Thoressa-honorei
Thoressa-hyrie
Thoressa-masoni
Thoressa-sitala
Udaspes-folus
Ypthima-fusca
Ypthima-hannyngtoni
Ypthima-huebneri
Ypthima-indecora
Ypthima-inica
Ypthima-kasmira
Ypthima-methora
Ypthima-nareda
Ypthima-newara
Ypthima-nikaea
Ypthima-parasakra
Ypthima-sakra
Zizeeria-karsandra
Zizina-otis
Zizula-hylax
