https://www.ifoundbutterflies.org/Acraea-terpsicore
https://www.ifoundbutterflies.org/Ancema-blanka
https://www.ifoundbutterflies.org/Ancema-ctesia
https://www.ifoundbutterflies.org/Ancema-sudica
https://www.ifoundbutterflies.org/Aulocera-swaha
https://www.ifoundbutterflies.org/Badamia-exclamationis
https://www.ifoundbutterflies.org/Callerebia-annada
https://www.ifoundbutterflies.org/Callerebia-narasingha
https://www.ifoundbutterflies.org/Callerebia-nirmala
https://www.ifoundbutterflies.org/Callerebia-orixa
https://www.ifoundbutterflies.org/Cethosia-biblis
https://www.ifoundbutterflies.org/Coladenia-indrani
https://www.ifoundbutterflies.org/Graphium-agamemnon
https://www.ifoundbutterflies.org/Hyponephele-brevistigma
https://www.ifoundbutterflies.org/Junonia-almana
https://www.ifoundbutterflies.org/Junonia-atlites
https://www.ifoundbutterflies.org/Junonia-hierta
https://www.ifoundbutterflies.org/Junonia-iphita
https://www.ifoundbutterflies.org/Junonia-lemonias
https://www.ifoundbutterflies.org/Junonia-orithya
https://www.ifoundbutterflies.org/Lethe-tristigmata
https://www.ifoundbutterflies.org/Lethe-verma
https://www.ifoundbutterflies.org/Lethe-vindhya
https://www.ifoundbutterflies.org/Lethe-visrava
https://www.ifoundbutterflies.org/Neope-armandii
https://www.ifoundbutterflies.org/Neope-bhadra
https://www.ifoundbutterflies.org/Neope-pulaha
https://www.ifoundbutterflies.org/Neope-pulahoides
https://www.ifoundbutterflies.org/Pachliopta-aristolochiae
https://www.ifoundbutterflies.org/Pachliopta-hector
https://www.ifoundbutterflies.org/Pratapa-icetoides
https://www.ifoundbutterflies.org/Remelana-jangala
https://www.ifoundbutterflies.org/Seseria-dohertyi
https://www.ifoundbutterflies.org/Troides-minos
https://www.ifoundbutterflies.org/Ypthima-inica
https://www.ifoundbutterflies.org/Zesius-chrysomallus
