https://www.ifoundbutterflies.org/Graphium-agetes
https://www.ifoundbutterflies.org/Graphium-antiphates
https://www.ifoundbutterflies.org/Graphium-epaminondas
https://www.ifoundbutterflies.org/Graphium-aristeus
https://www.ifoundbutterflies.org/Graphium-eurous
https://www.ifoundbutterflies.org/Graphium-paphus
https://www.ifoundbutterflies.org/Graphium-garhwalica
https://www.ifoundbutterflies.org/Graphium-nomius
https://www.ifoundbutterflies.org/Graphium-agamemnon
https://www.ifoundbutterflies.org/Graphium-chironides
https://www.ifoundbutterflies.org/Graphium-cloanthus
https://www.ifoundbutterflies.org/Graphium-doson
https://www.ifoundbutterflies.org/Graphium-eurypylus
https://www.ifoundbutterflies.org/Graphium-sarpedon
https://www.ifoundbutterflies.org/Graphium-teredon
https://www.ifoundbutterflies.org/Graphium-macareus
https://www.ifoundbutterflies.org/Graphium-megarus
https://www.ifoundbutterflies.org/Graphium-xenocles
https://www.ifoundbutterflies.org/Lamproptera-curius
https://www.ifoundbutterflies.org/Lamproptera-meges
https://www.ifoundbutterflies.org/Papilio-agestor
https://www.ifoundbutterflies.org/Papilio-clytia
https://www.ifoundbutterflies.org/Papilio-epycides
https://www.ifoundbutterflies.org/Papilio-paradoxa
https://www.ifoundbutterflies.org/Papilio-slateri
https://www.ifoundbutterflies.org/Papilio-machaon
https://www.ifoundbutterflies.org/Papilio-xuthus
https://www.ifoundbutterflies.org/Papilio-liomedon
https://www.ifoundbutterflies.org/Papilio-noblei
https://www.ifoundbutterflies.org/Papilio-demoleus
https://www.ifoundbutterflies.org/Papilio-alcmenor
https://www.ifoundbutterflies.org/Papilio-bootes
https://www.ifoundbutterflies.org/Papilio-janaka
https://www.ifoundbutterflies.org/Papilio-castor
https://www.ifoundbutterflies.org/Papilio-dravidarum
https://www.ifoundbutterflies.org/Papilio-prexaspes
https://www.ifoundbutterflies.org/Papilio-helenus
https://www.ifoundbutterflies.org/Papilio-daksha
https://www.ifoundbutterflies.org/Papilio-memnon
https://www.ifoundbutterflies.org/Papilio-mayo
https://www.ifoundbutterflies.org/Papilio-agenor
https://www.ifoundbutterflies.org/Papilio-polymnestor
https://www.ifoundbutterflies.org/Papilio-chaon
https://www.ifoundbutterflies.org/Papilio-polytes
https://www.ifoundbutterflies.org/Papilio-protenor
https://www.ifoundbutterflies.org/Papilio-arcturus
https://www.ifoundbutterflies.org/Papilio-buddha
https://www.ifoundbutterflies.org/Papilio-crino
https://www.ifoundbutterflies.org/Papilio-elephenor
https://www.ifoundbutterflies.org/Papilio-palinurus
https://www.ifoundbutterflies.org/Papilio-krishna
https://www.ifoundbutterflies.org/Papilio-paris
https://www.ifoundbutterflies.org/Papilio-bianor
https://www.ifoundbutterflies.org/Papilio-polyctor
https://www.ifoundbutterflies.org/Meandrusa-lachinus
https://www.ifoundbutterflies.org/Meandrusa-payeni
https://www.ifoundbutterflies.org/Teinopalpus-imperialis
https://www.ifoundbutterflies.org/Atrophaneura-aidoneus
https://www.ifoundbutterflies.org/Atrophaneura-varuna
https://www.ifoundbutterflies.org/Byasa-crassipes
https://www.ifoundbutterflies.org/Byasa-dasarada
https://www.ifoundbutterflies.org/Byasa-latreillei
https://www.ifoundbutterflies.org/Byasa-plutonius
https://www.ifoundbutterflies.org/Byasa-polla
https://www.ifoundbutterflies.org/Byasa-polyeuctes
https://www.ifoundbutterflies.org/Pachliopta-aristolochiae
https://www.ifoundbutterflies.org/Pachliopta-hector
https://www.ifoundbutterflies.org/Pachliopta-pandiyana
https://www.ifoundbutterflies.org/Losaria-coon
https://www.ifoundbutterflies.org/Losaria-rhodifer
https://www.ifoundbutterflies.org/Troides-aeacus
https://www.ifoundbutterflies.org/Troides-helena
https://www.ifoundbutterflies.org/Troides-minos
https://www.ifoundbutterflies.org/Parnassius-charltonius
https://www.ifoundbutterflies.org/Parnassius-epaphus
https://www.ifoundbutterflies.org/Parnassius-hardwickii
https://www.ifoundbutterflies.org/Parnassius-stoliczkanus
https://www.ifoundbutterflies.org/Bhutanitis-lidderdalii
https://www.ifoundbutterflies.org/Bhutanitis-ludlowi
https://www.ifoundbutterflies.org/Badamia-exclamationis
https://www.ifoundbutterflies.org/Bibasis-mahintha
https://www.ifoundbutterflies.org/Bibasis-sena
https://www.ifoundbutterflies.org/Burara-amara
https://www.ifoundbutterflies.org/Burara-anadi
https://www.ifoundbutterflies.org/Burara-gomata
https://www.ifoundbutterflies.org/Burara-harisa
https://www.ifoundbutterflies.org/Burara-jaina
https://www.ifoundbutterflies.org/Burara-oedipodea
https://www.ifoundbutterflies.org/Burara-vasutana
https://www.ifoundbutterflies.org/Choaspes-benjaminii
https://www.ifoundbutterflies.org/Choaspes-furcata
https://www.ifoundbutterflies.org/Choaspes-stigmata
https://www.ifoundbutterflies.org/Hasora-anura
https://www.ifoundbutterflies.org/Hasora-badra
https://www.ifoundbutterflies.org/Hasora-chromus
https://www.ifoundbutterflies.org/Hasora-khoda
https://www.ifoundbutterflies.org/Hasora-leucospila
https://www.ifoundbutterflies.org/Hasora-schoenherr
https://www.ifoundbutterflies.org/Hasora-taminatus
https://www.ifoundbutterflies.org/Hasora-vitta
https://www.ifoundbutterflies.org/Lobocla-liliana
https://www.ifoundbutterflies.org/Lobocla-aborica
https://www.ifoundbutterflies.org/Celaenorrhinus-ambareesa
https://www.ifoundbutterflies.org/Celaenorrhinus-asmara
https://www.ifoundbutterflies.org/Celaenorrhinus-aurivittata
https://www.ifoundbutterflies.org/Celaenorrhinus-badia
https://www.ifoundbutterflies.org/Celaenorrhinus-dhanada
https://www.ifoundbutterflies.org/Celaenorrhinus-fusca
https://www.ifoundbutterflies.org/Celaenorrhinus-leucocera
https://www.ifoundbutterflies.org/Celaenorrhinus-munda
https://www.ifoundbutterflies.org/Celaenorrhinus-nigricans
https://www.ifoundbutterflies.org/Celaenorrhinus-patula
https://www.ifoundbutterflies.org/Celaenorrhinus-pero
https://www.ifoundbutterflies.org/Celaenorrhinus-plagifera
https://www.ifoundbutterflies.org/Celaenorrhinus-pulomaya
https://www.ifoundbutterflies.org/Celaenorrhinus-putra
https://www.ifoundbutterflies.org/Celaenorrhinus-pyrrha
https://www.ifoundbutterflies.org/Celaenorrhinus-ratna
https://www.ifoundbutterflies.org/Celaenorrhinus-tibetana
https://www.ifoundbutterflies.org/Celaenorrhinus-zea
https://www.ifoundbutterflies.org/Pseudocoladenia-dan
https://www.ifoundbutterflies.org/Pseudocoladenia-fabia
https://www.ifoundbutterflies.org/Pseudocoladenia-fatih
https://www.ifoundbutterflies.org/Pseudocoladenia-fatua
https://www.ifoundbutterflies.org/Pseudocoladenia-festa
https://www.ifoundbutterflies.org/Sarangesa-dasahara
https://www.ifoundbutterflies.org/Sarangesa-purendra
https://www.ifoundbutterflies.org/Capila-jayadeva
https://www.ifoundbutterflies.org/Capila-lidderdali
https://www.ifoundbutterflies.org/Capila-phanaeus
https://www.ifoundbutterflies.org/Capila-pieridoides
https://www.ifoundbutterflies.org/Capila-zennara
https://www.ifoundbutterflies.org/Satarupa-zulla
https://www.ifoundbutterflies.org/Satarupa-splendens
https://www.ifoundbutterflies.org/Satarupa-gopala
https://www.ifoundbutterflies.org/Seseria-sambara
https://www.ifoundbutterflies.org/Seseria-dohertyi
https://www.ifoundbutterflies.org/Coladenia-indrani
https://www.ifoundbutterflies.org/Coladenia-agnioides
https://www.ifoundbutterflies.org/Coladenia-agni
https://www.ifoundbutterflies.org/Coladenia-hoenei
https://www.ifoundbutterflies.org/Tagiades-cohaerens
https://www.ifoundbutterflies.org/Tagiades-gana
https://www.ifoundbutterflies.org/Tagiades-japetus
https://www.ifoundbutterflies.org/Tagiades-menaka
https://www.ifoundbutterflies.org/Tagiades-litigiosa
https://www.ifoundbutterflies.org/Tagiades-parra
https://www.ifoundbutterflies.org/Odina-decoratus
https://www.ifoundbutterflies.org/Mooreana-trichoneura
https://www.ifoundbutterflies.org/Gerosis-sinica
https://www.ifoundbutterflies.org/Gerosis-phisara
https://www.ifoundbutterflies.org/Gerosis-bhagava
https://www.ifoundbutterflies.org/Darpa-hanria
https://www.ifoundbutterflies.org/Darpa-minta
https://www.ifoundbutterflies.org/Tapena-thwaitesi
https://www.ifoundbutterflies.org/Ctenoptilum-vasava
https://www.ifoundbutterflies.org/Odontoptilum-angulata
https://www.ifoundbutterflies.org/Caprona-ransonnettii
https://www.ifoundbutterflies.org/Caprona-agama
https://www.ifoundbutterflies.org/Caprona-alida
https://www.ifoundbutterflies.org/Chamunda-chamunda
https://www.ifoundbutterflies.org/Gomalia-elma
https://www.ifoundbutterflies.org/Spialia-galba
https://www.ifoundbutterflies.org/Spialia-doris
https://www.ifoundbutterflies.org/Carcharodus-alceae
https://www.ifoundbutterflies.org/Erynnis-pelias
https://www.ifoundbutterflies.org/Astictopterus-jama
https://www.ifoundbutterflies.org/Baracus-hampsoni
https://www.ifoundbutterflies.org/Baracus-subditus
https://www.ifoundbutterflies.org/Baracus-septentrionum
https://www.ifoundbutterflies.org/Ampittia-dioscorides
https://www.ifoundbutterflies.org/Ampittia-subvittatus
https://www.ifoundbutterflies.org/Aeromachus-kali
https://www.ifoundbutterflies.org/Aeromachus-stigmata
https://www.ifoundbutterflies.org/Aeromachus-dubius
https://www.ifoundbutterflies.org/Aeromachus-jhora
https://www.ifoundbutterflies.org/Aeromachus-pygmaeus
https://www.ifoundbutterflies.org/Pedesta-masuriensis
https://www.ifoundbutterflies.org/Pedesta-panda
https://www.ifoundbutterflies.org/Pedesta-pandita
https://www.ifoundbutterflies.org/Arnetta-mercara
https://www.ifoundbutterflies.org/Arnetta-vindhiana
https://www.ifoundbutterflies.org/Arnetta-atkinsoni
https://www.ifoundbutterflies.org/Iambrix-salsala
https://www.ifoundbutterflies.org/Suastus-gremius
https://www.ifoundbutterflies.org/Suastus-minuta
https://www.ifoundbutterflies.org/Scobura-cephala
https://www.ifoundbutterflies.org/Scobura-phiditia
https://www.ifoundbutterflies.org/Scobura-isota
https://www.ifoundbutterflies.org/Scobura-cephaloides
https://www.ifoundbutterflies.org/Scobura-tytleri
https://www.ifoundbutterflies.org/Scobura-parawoolletti
https://www.ifoundbutterflies.org/Suada-swerga
https://www.ifoundbutterflies.org/Koruthaialos-rubecula
https://www.ifoundbutterflies.org/Koruthaialos-butleri
https://www.ifoundbutterflies.org/Koruthaialos-sindu
https://www.ifoundbutterflies.org/Psolos-fuligo
https://www.ifoundbutterflies.org/Ancistroides-nigrita
https://www.ifoundbutterflies.org/Udaspes-folus
https://www.ifoundbutterflies.org/Notocrypta-paralysos
https://www.ifoundbutterflies.org/Notocrypta-feisthamelii
https://www.ifoundbutterflies.org/Notocrypta-curvifascia
https://www.ifoundbutterflies.org/Gangara-thyrsis
https://www.ifoundbutterflies.org/Gangara-lebadea
https://www.ifoundbutterflies.org/Erionota-acroleuca
https://www.ifoundbutterflies.org/Erionota-apex
https://www.ifoundbutterflies.org/Erionota-thrax
https://www.ifoundbutterflies.org/Erionota-torus
https://www.ifoundbutterflies.org/Pudicitia-pholus
https://www.ifoundbutterflies.org/Matapa-aria
https://www.ifoundbutterflies.org/Matapa-purpurascens
https://www.ifoundbutterflies.org/Matapa-druna
https://www.ifoundbutterflies.org/Matapa-sasivarna
https://www.ifoundbutterflies.org/Matapa-cresta
https://www.ifoundbutterflies.org/Hyarotis-adrastus
https://www.ifoundbutterflies.org/Hyarotis-microstictum
https://www.ifoundbutterflies.org/Hyarotis-coorga
https://www.ifoundbutterflies.org/Quedara-basiflava
https://www.ifoundbutterflies.org/Isma-bonota
https://www.ifoundbutterflies.org/Pyroneura-margherita
https://www.ifoundbutterflies.org/Salanoemia-noemi
https://www.ifoundbutterflies.org/Salanoemia-sala
https://www.ifoundbutterflies.org/Salanoemia-tavoyana
https://www.ifoundbutterflies.org/Plastingia-naga
https://www.ifoundbutterflies.org/Lotongus-sarala
https://www.ifoundbutterflies.org/Unkana-ambasa
https://www.ifoundbutterflies.org/Pirdana-major
https://www.ifoundbutterflies.org/Creteus-cyrina
https://www.ifoundbutterflies.org/Pithauria-stramineipennis
https://www.ifoundbutterflies.org/Pithauria-murdava
https://www.ifoundbutterflies.org/Pithauria-marsena
https://www.ifoundbutterflies.org/Halpemorpha-hyrtacus
https://www.ifoundbutterflies.org/Sovia-separata
https://www.ifoundbutterflies.org/Thoressa-hyrie
https://www.ifoundbutterflies.org/Thoressa-astigmata
https://www.ifoundbutterflies.org/Thoressa-cerata
https://www.ifoundbutterflies.org/Thoressa-sitala
https://www.ifoundbutterflies.org/Thoressa-evershedi
https://www.ifoundbutterflies.org/Thoressa-honorei
https://www.ifoundbutterflies.org/Thoressa-masoni
https://www.ifoundbutterflies.org/Halpe-aucma
https://www.ifoundbutterflies.org/Halpe-filda
https://www.ifoundbutterflies.org/Halpe-hindu
https://www.ifoundbutterflies.org/Halpe-porus
https://www.ifoundbutterflies.org/Halpe-sikkima
https://www.ifoundbutterflies.org/Halpe-zema
https://www.ifoundbutterflies.org/Sebastonyma-dolopia
https://www.ifoundbutterflies.org/Actinor-radians
https://www.ifoundbutterflies.org/Cupitha-purreea
https://www.ifoundbutterflies.org/Zographetus-satwa
https://www.ifoundbutterflies.org/Zographetus-ogygia
https://www.ifoundbutterflies.org/Zographetus-dzonguensis
https://www.ifoundbutterflies.org/Taractrocera-danna
https://www.ifoundbutterflies.org/Taractrocera-maevius
https://www.ifoundbutterflies.org/Taractrocera-ceramas
https://www.ifoundbutterflies.org/Oriens-concinna
https://www.ifoundbutterflies.org/Oriens-goloides
https://www.ifoundbutterflies.org/Oriens-gola
https://www.ifoundbutterflies.org/Potanthus-lydia
https://www.ifoundbutterflies.org/Potanthus-pava
https://www.ifoundbutterflies.org/Potanthus-trachala
https://www.ifoundbutterflies.org/Telicota-colon
https://www.ifoundbutterflies.org/Telicota-bambusae
https://www.ifoundbutterflies.org/Cephrenes-acalle
https://www.ifoundbutterflies.org/Ochlodes-brahma
https://www.ifoundbutterflies.org/Ochlodes-siva
https://www.ifoundbutterflies.org/Hesperia-comma
https://www.ifoundbutterflies.org/Baoris-pagana
https://www.ifoundbutterflies.org/Baoris-farri
https://www.ifoundbutterflies.org/Baoris-chapmani
https://www.ifoundbutterflies.org/Baoris-unicolor
https://www.ifoundbutterflies.org/Borbo-bevani
https://www.ifoundbutterflies.org/Borbo-cinnara
https://www.ifoundbutterflies.org/Caltoris-aurociliata
https://www.ifoundbutterflies.org/Caltoris-canaraica
https://www.ifoundbutterflies.org/Caltoris-kumara
https://www.ifoundbutterflies.org/Caltoris-philippina
https://www.ifoundbutterflies.org/Caltoris-tulsi
https://www.ifoundbutterflies.org/Gegenes-nostrodamus
https://www.ifoundbutterflies.org/Gegenes-pumilio
https://www.ifoundbutterflies.org/Iton-semamora
https://www.ifoundbutterflies.org/Parnara-guttatus
https://www.ifoundbutterflies.org/Pelopidas-agna
https://www.ifoundbutterflies.org/Pelopidas-assamensis
https://www.ifoundbutterflies.org/Pelopidas-conjuncta
https://www.ifoundbutterflies.org/Pelopidas-mathias
https://www.ifoundbutterflies.org/Pelopidas-sinensis
https://www.ifoundbutterflies.org/Pelopidas-subochracea
https://www.ifoundbutterflies.org/Polytremis-discreta
https://www.ifoundbutterflies.org/Polytremis-eltola
https://www.ifoundbutterflies.org/Polytremis-lubricans
https://www.ifoundbutterflies.org/Carterocephalus-avanti
https://www.ifoundbutterflies.org/Catopsilia-pomona
https://www.ifoundbutterflies.org/Catopsilia-pyranthe
https://www.ifoundbutterflies.org/Catopsilia-scylla
https://www.ifoundbutterflies.org/Colias-eogene
https://www.ifoundbutterflies.org/Colias-erate
https://www.ifoundbutterflies.org/Colias-fieldii
https://www.ifoundbutterflies.org/Colias-ladakensis
https://www.ifoundbutterflies.org/Colias-nilagiriensis
https://www.ifoundbutterflies.org/Dercas-lycorias
https://www.ifoundbutterflies.org/Dercas-verhuelli
https://www.ifoundbutterflies.org/Eurema-andersonii
https://www.ifoundbutterflies.org/Eurema-blanda
https://www.ifoundbutterflies.org/Eurema-brigitta
https://www.ifoundbutterflies.org/Eurema-hecabe
https://www.ifoundbutterflies.org/Eurema-simulatrix
https://www.ifoundbutterflies.org/Eurema-laeta
https://www.ifoundbutterflies.org/Eurema-nilgiriensis
https://www.ifoundbutterflies.org/Gandaca-harina
https://www.ifoundbutterflies.org/Gonepteryx-amintha
https://www.ifoundbutterflies.org/Gonepteryx-mahaguru
https://www.ifoundbutterflies.org/Colotis-amata
https://www.ifoundbutterflies.org/Colotis-aurora
https://www.ifoundbutterflies.org/Colotis-danae
https://www.ifoundbutterflies.org/Colotis-etrida
https://www.ifoundbutterflies.org/Colotis-fausta
https://www.ifoundbutterflies.org/Colotis-protractus
https://www.ifoundbutterflies.org/Colotis-vestalis
https://www.ifoundbutterflies.org/Ixias-marianne
https://www.ifoundbutterflies.org/Ixias-pyrene
https://www.ifoundbutterflies.org/Hebomoia-glaucippe
https://www.ifoundbutterflies.org/Hebomoia-roepstorfii
https://www.ifoundbutterflies.org/Leptosia-nina
https://www.ifoundbutterflies.org/Pareronia-avatar
https://www.ifoundbutterflies.org/Pareronia-ceylanica
https://www.ifoundbutterflies.org/Pareronia-hippia
https://www.ifoundbutterflies.org/Aporia-agathon
https://www.ifoundbutterflies.org/Aporia-harrietae
https://www.ifoundbutterflies.org/Aporia-leucodice
https://www.ifoundbutterflies.org/Aporia-nabellica
https://www.ifoundbutterflies.org/Appias-albina
https://www.ifoundbutterflies.org/Appias-indra
https://www.ifoundbutterflies.org/Appias-lalage
https://www.ifoundbutterflies.org/Appias-libythea
https://www.ifoundbutterflies.org/Appias-lyncida
https://www.ifoundbutterflies.org/Appias-galba
https://www.ifoundbutterflies.org/Appias-olferna
https://www.ifoundbutterflies.org/Appias-galathea
https://www.ifoundbutterflies.org/Appias-wardii
https://www.ifoundbutterflies.org/Saletara-liberia
https://www.ifoundbutterflies.org/Baltia-butleri
https://www.ifoundbutterflies.org/Baltia-shawi
https://www.ifoundbutterflies.org/Belenois-aurota
https://www.ifoundbutterflies.org/Cepora-nadina
https://www.ifoundbutterflies.org/Cepora-nerissa
https://www.ifoundbutterflies.org/Delias-acalis
https://www.ifoundbutterflies.org/Delias-agostina
https://www.ifoundbutterflies.org/Delias-belladonna
https://www.ifoundbutterflies.org/Delias-berinda
https://www.ifoundbutterflies.org/Delias-descombesi
https://www.ifoundbutterflies.org/Delias-eucharis
https://www.ifoundbutterflies.org/Delias-hyparete
https://www.ifoundbutterflies.org/Delias-lativitta
https://www.ifoundbutterflies.org/Delias-pasithoe
https://www.ifoundbutterflies.org/Delias-sanaca
https://www.ifoundbutterflies.org/Pieris-brassicae
https://www.ifoundbutterflies.org/Pieris-canidia
https://www.ifoundbutterflies.org/Pieris-deota
https://www.ifoundbutterflies.org/Pieris-extensa
https://www.ifoundbutterflies.org/Pieris-rapae
https://www.ifoundbutterflies.org/Talbotia-naganum
https://www.ifoundbutterflies.org/Pontia-callidice
https://www.ifoundbutterflies.org/Pontia-chloridice
https://www.ifoundbutterflies.org/Pontia-daplidice
https://www.ifoundbutterflies.org/Prioneris-philonome
https://www.ifoundbutterflies.org/Prioneris-sita
https://www.ifoundbutterflies.org/Prioneris-thestylis
https://www.ifoundbutterflies.org/Libythea-lepita
https://www.ifoundbutterflies.org/Libythea-laius
https://www.ifoundbutterflies.org/Libythea-myrrha
https://www.ifoundbutterflies.org/Danaus-chrysippus
https://www.ifoundbutterflies.org/Danaus-genutia
https://www.ifoundbutterflies.org/Danaus-melanippus
https://www.ifoundbutterflies.org/Euploea-algea
https://www.ifoundbutterflies.org/Euploea-core
https://www.ifoundbutterflies.org/Euploea-andamanensis
https://www.ifoundbutterflies.org/Euploea-scherzeri
https://www.ifoundbutterflies.org/Euploea-doubledayi
https://www.ifoundbutterflies.org/Euploea-klugii
https://www.ifoundbutterflies.org/Euploea-midamus
https://www.ifoundbutterflies.org/Euploea-mulciber
https://www.ifoundbutterflies.org/Euploea-radamanthus
https://www.ifoundbutterflies.org/Euploea-sylvester
https://www.ifoundbutterflies.org/Idea-agamarschana
https://www.ifoundbutterflies.org/Idea-malabarica
https://www.ifoundbutterflies.org/Ideopsis-similis
https://www.ifoundbutterflies.org/Parantica-aglea
https://www.ifoundbutterflies.org/Parantica-melanoleuca
https://www.ifoundbutterflies.org/Parantica-melaneus
https://www.ifoundbutterflies.org/Parantica-nilgiriensis
https://www.ifoundbutterflies.org/Parantica-pedonga
https://www.ifoundbutterflies.org/Parantica-sita
https://www.ifoundbutterflies.org/Tirumala-limniace
https://www.ifoundbutterflies.org/Tirumala-septentrionis
https://www.ifoundbutterflies.org/Acraea-issoria
https://www.ifoundbutterflies.org/Acraea-terpsicore
https://www.ifoundbutterflies.org/Cethosia-biblis
https://www.ifoundbutterflies.org/Cethosia-cyane
https://www.ifoundbutterflies.org/Cethosia-mahratta
https://www.ifoundbutterflies.org/Argynnis-childreni
https://www.ifoundbutterflies.org/Argynnis-hyperbius
https://www.ifoundbutterflies.org/Argynnis-castetsi
https://www.ifoundbutterflies.org/Argynnis-hybrida
https://www.ifoundbutterflies.org/Argynnis-jainadeva
https://www.ifoundbutterflies.org/Argynnis-kamala
https://www.ifoundbutterflies.org/Argynnis-westphali
https://www.ifoundbutterflies.org/Boloria-jerdoni
https://www.ifoundbutterflies.org/Issoria-gemmata
https://www.ifoundbutterflies.org/Issoria-issaea
https://www.ifoundbutterflies.org/Algia-fasciata
https://www.ifoundbutterflies.org/Cirrochroa-aoris
https://www.ifoundbutterflies.org/Cirrochroa-nicobarica
https://www.ifoundbutterflies.org/Cirrochroa-thais
https://www.ifoundbutterflies.org/Cirrochroa-tyche
https://www.ifoundbutterflies.org/Cupha-erymanthis
https://www.ifoundbutterflies.org/Phalanta-alcippe
https://www.ifoundbutterflies.org/Phalanta-phalantha
https://www.ifoundbutterflies.org/Vagrans-egista
https://www.ifoundbutterflies.org/Vindula-erota
https://www.ifoundbutterflies.org/Chitoria-sordida
https://www.ifoundbutterflies.org/Chitoria-naga
https://www.ifoundbutterflies.org/Chitoria-ulupi
https://www.ifoundbutterflies.org/Dilipa-morgiana
https://www.ifoundbutterflies.org/Euripus-consimilis
https://www.ifoundbutterflies.org/Euripus-nyctelius
https://www.ifoundbutterflies.org/Helcyra-hemina
https://www.ifoundbutterflies.org/Herona-marathus
https://www.ifoundbutterflies.org/Hestinalis-nama
https://www.ifoundbutterflies.org/Hestina-nicevillei
https://www.ifoundbutterflies.org/Hestina-persimilis
https://www.ifoundbutterflies.org/Mimathyma-ambica
https://www.ifoundbutterflies.org/Mimathyma-chitralensis
https://www.ifoundbutterflies.org/Mimathyma-chevana
https://www.ifoundbutterflies.org/Rohana-parisatis
https://www.ifoundbutterflies.org/Rohana-tonkiniana
https://www.ifoundbutterflies.org/Rohana-parvata
https://www.ifoundbutterflies.org/Sephisa-chandra
https://www.ifoundbutterflies.org/Sephisa-dichroa
https://www.ifoundbutterflies.org/Ariadne-ariadne
https://www.ifoundbutterflies.org/Ariadne-merione
https://www.ifoundbutterflies.org/Byblia-ilithyia
https://www.ifoundbutterflies.org/Laringa-horsfieldii
https://www.ifoundbutterflies.org/Chersonesia-intermedia
https://www.ifoundbutterflies.org/Chersonesia-risa
https://www.ifoundbutterflies.org/Cyrestis-cocles
https://www.ifoundbutterflies.org/Cyrestis-tabula
https://www.ifoundbutterflies.org/Cyrestis-thyodamas
https://www.ifoundbutterflies.org/Dichorragia-nesimachus
https://www.ifoundbutterflies.org/Pseudergolis-wedah
https://www.ifoundbutterflies.org/Stibochiona-nicea
https://www.ifoundbutterflies.org/Abrota-ganga
https://www.ifoundbutterflies.org/Bassarona-durga
https://www.ifoundbutterflies.org/Bassarona-iva
https://www.ifoundbutterflies.org/Bassarona-recta
https://www.ifoundbutterflies.org/Bassarona-teuta
https://www.ifoundbutterflies.org/Dophla-evelina
https://www.ifoundbutterflies.org/Euthalia-aconthea
https://www.ifoundbutterflies.org/Euthalia-acontius
https://www.ifoundbutterflies.org/Euthalia-alpheda
https://www.ifoundbutterflies.org/Euthalia-anosia
https://www.ifoundbutterflies.org/Euthalia-saitaphernes
https://www.ifoundbutterflies.org/Euthalia-duda
https://www.ifoundbutterflies.org/Euthalia-franciae
https://www.ifoundbutterflies.org/Euthalia-lubentina
https://www.ifoundbutterflies.org/Euthalia-monina
https://www.ifoundbutterflies.org/Euthalia-nara
https://www.ifoundbutterflies.org/Euthalia-patala
https://www.ifoundbutterflies.org/Euthalia-phemius
https://www.ifoundbutterflies.org/Euthalia-sahadeva
https://www.ifoundbutterflies.org/Euthalia-telchinia
https://www.ifoundbutterflies.org/Symphaedra-nais
https://www.ifoundbutterflies.org/Tanaecia-cibaritis
https://www.ifoundbutterflies.org/Tanaecia-cocytus
https://www.ifoundbutterflies.org/Tanaecia-jahnu
https://www.ifoundbutterflies.org/Tanaecia-julii
https://www.ifoundbutterflies.org/Tanaecia-lepidea
https://www.ifoundbutterflies.org/Lexias-cyanipardus
https://www.ifoundbutterflies.org/Lexias-dirtea
https://www.ifoundbutterflies.org/Lexias-pardalis
https://www.ifoundbutterflies.org/Neurosigma-siva
https://www.ifoundbutterflies.org/Athyma-asura
https://www.ifoundbutterflies.org/Athyma-cama
https://www.ifoundbutterflies.org/Athyma-jina
https://www.ifoundbutterflies.org/Athyma-kanwa
https://www.ifoundbutterflies.org/Athyma-inara
https://www.ifoundbutterflies.org/Athyma-whitei
https://www.ifoundbutterflies.org/Athyma-rufula
https://www.ifoundbutterflies.org/Athyma-opalina
https://www.ifoundbutterflies.org/Athyma-orientalis
https://www.ifoundbutterflies.org/Athyma-perius
https://www.ifoundbutterflies.org/Athyma-pravara
https://www.ifoundbutterflies.org/Athyma-ranga
https://www.ifoundbutterflies.org/Athyma-selenophora
https://www.ifoundbutterflies.org/Athyma-zeroca
https://www.ifoundbutterflies.org/Athyma-punctata
https://www.ifoundbutterflies.org/Auzakia-danava
https://www.ifoundbutterflies.org/Bhagadatta-austenia
https://www.ifoundbutterflies.org/Limenitis-rileyi
https://www.ifoundbutterflies.org/Limenitis-lepechini
https://www.ifoundbutterflies.org/Limenitis-ligyes
https://www.ifoundbutterflies.org/Limenitis-trivena
https://www.ifoundbutterflies.org/Moduza-procris
https://www.ifoundbutterflies.org/Parasarpa-dudu
https://www.ifoundbutterflies.org/Parasarpa-zayla
https://www.ifoundbutterflies.org/Sumalia-daraxa
https://www.ifoundbutterflies.org/Sumalia-zulema
https://www.ifoundbutterflies.org/Lasippa-viraja
https://www.ifoundbutterflies.org/Neptis-ananta
https://www.ifoundbutterflies.org/Neptis-melba
https://www.ifoundbutterflies.org/Neptis-cartica
https://www.ifoundbutterflies.org/Neptis-clinia
https://www.ifoundbutterflies.org/Neptis-harita
https://www.ifoundbutterflies.org/Neptis-hylas
https://www.ifoundbutterflies.org/Neptis-jumbah
https://www.ifoundbutterflies.org/Neptis-magadha
https://www.ifoundbutterflies.org/Neptis-mahendra
https://www.ifoundbutterflies.org/Neptis-manasa
https://www.ifoundbutterflies.org/Neptis-miah
https://www.ifoundbutterflies.org/Neptis-namba
https://www.ifoundbutterflies.org/Neptis-narayana
https://www.ifoundbutterflies.org/Neptis-nana
https://www.ifoundbutterflies.org/Neptis-nata
https://www.ifoundbutterflies.org/Neptis-nycteus
https://www.ifoundbutterflies.org/Neptis-pseudovikasi
https://www.ifoundbutterflies.org/Neptis-radha
https://www.ifoundbutterflies.org/Neptis-sankara
https://www.ifoundbutterflies.org/Neptis-sappho
https://www.ifoundbutterflies.org/Neptis-soma
https://www.ifoundbutterflies.org/Neptis-palnica
https://www.ifoundbutterflies.org/Neptis-zaida
https://www.ifoundbutterflies.org/Pantoporia-assamica
https://www.ifoundbutterflies.org/Pantoporia-paraka
https://www.ifoundbutterflies.org/Pantoporia-hordonia
https://www.ifoundbutterflies.org/Pantoporia-sandaka
https://www.ifoundbutterflies.org/Pantoporia-cnacalis
https://www.ifoundbutterflies.org/Pantoporia-ferrari
https://www.ifoundbutterflies.org/Phaedyma-aspasia
https://www.ifoundbutterflies.org/Phaedyma-columella
https://www.ifoundbutterflies.org/Lebadea-martha
https://www.ifoundbutterflies.org/Parthenos-sylvia
https://www.ifoundbutterflies.org/Hypolimnas-bolina
https://www.ifoundbutterflies.org/Hypolimnas-misippus
https://www.ifoundbutterflies.org/Hypolimnas-anomala
https://www.ifoundbutterflies.org/Junonia-almana
https://www.ifoundbutterflies.org/Junonia-atlites
https://www.ifoundbutterflies.org/Junonia-hierta
https://www.ifoundbutterflies.org/Junonia-iphita
https://www.ifoundbutterflies.org/Junonia-lemonias
https://www.ifoundbutterflies.org/Junonia-orithya
https://www.ifoundbutterflies.org/Doleschallia-bisaltide
https://www.ifoundbutterflies.org/Kallima-albofasciata
https://www.ifoundbutterflies.org/Kallima-knyvettii
https://www.ifoundbutterflies.org/Kallima-inachus
https://www.ifoundbutterflies.org/Kallima-horsfieldii
https://www.ifoundbutterflies.org/Melitaea-arcesia
https://www.ifoundbutterflies.org/Araschnia-dohertyi
https://www.ifoundbutterflies.org/Nymphalis-xanthomelas
https://www.ifoundbutterflies.org/Aglais-caschmirensis
https://www.ifoundbutterflies.org/Aglais-ladakensis
https://www.ifoundbutterflies.org/Aglais-rizana
https://www.ifoundbutterflies.org/Kaniska-canace
https://www.ifoundbutterflies.org/Polygonia-c-album
https://www.ifoundbutterflies.org/Symbrenthia-brabira
https://www.ifoundbutterflies.org/Symbrenthia-hypselis
https://www.ifoundbutterflies.org/Symbrenthia-lilaea
https://www.ifoundbutterflies.org/Symbrenthia-niphanda
https://www.ifoundbutterflies.org/Symbrenthia-silana
https://www.ifoundbutterflies.org/Vanessa-cardui
https://www.ifoundbutterflies.org/Vanessa-indica
https://www.ifoundbutterflies.org/Rhinopalpa-polynice
https://www.ifoundbutterflies.org/Charaxes-aristogiton
https://www.ifoundbutterflies.org/Charaxes-bernardus
https://www.ifoundbutterflies.org/Charaxes-kahruba
https://www.ifoundbutterflies.org/Charaxes-marmax
https://www.ifoundbutterflies.org/Charaxes-psaphon
https://www.ifoundbutterflies.org/Charaxes-solon
https://www.ifoundbutterflies.org/Charaxes-agrarius
https://www.ifoundbutterflies.org/Charaxes-arja
https://www.ifoundbutterflies.org/Charaxes-bharata
https://www.ifoundbutterflies.org/Charaxes-andamanicus
https://www.ifoundbutterflies.org/Charaxes-delphis
https://www.ifoundbutterflies.org/Charaxes-dolon
https://www.ifoundbutterflies.org/Charaxes-eudamippus
https://www.ifoundbutterflies.org/Charaxes-moori
https://www.ifoundbutterflies.org/Charaxes-narcaeus
https://www.ifoundbutterflies.org/Charaxes-schreiber
https://www.ifoundbutterflies.org/Prothoe-franck
https://www.ifoundbutterflies.org/Calinaga-buddha
https://www.ifoundbutterflies.org/Calinaga-gautama
https://www.ifoundbutterflies.org/Calinaga-aborica
https://www.ifoundbutterflies.org/Calinaga-brahma
https://www.ifoundbutterflies.org/Aemona-amathusia
https://www.ifoundbutterflies.org/Amathusia-andamanensis
https://www.ifoundbutterflies.org/Amathusia-travancorica
https://www.ifoundbutterflies.org/Amathuxidia-amythaon
https://www.ifoundbutterflies.org/Discophora-deo
https://www.ifoundbutterflies.org/Discophora-lepida
https://www.ifoundbutterflies.org/Discophora-sondaica
https://www.ifoundbutterflies.org/Discophora-timora
https://www.ifoundbutterflies.org/Enispe-cycnus
https://www.ifoundbutterflies.org/Enispe-euthymius
https://www.ifoundbutterflies.org/Faunis-canens
https://www.ifoundbutterflies.org/Faunis-eumeus
https://www.ifoundbutterflies.org/Melanocyma-faunula
https://www.ifoundbutterflies.org/Stichophthalma-camadeva
https://www.ifoundbutterflies.org/Stichophthalma-nurinissa
https://www.ifoundbutterflies.org/Stichophthalma-sparta
https://www.ifoundbutterflies.org/Thaumantis-diores
https://www.ifoundbutterflies.org/Elymnias-caudata
https://www.ifoundbutterflies.org/Elymnias-hypermnestra
https://www.ifoundbutterflies.org/Elymnias-malelas
https://www.ifoundbutterflies.org/Elymnias-nesaea
https://www.ifoundbutterflies.org/Elymnias-obnubila
https://www.ifoundbutterflies.org/Elymnias-panthera
https://www.ifoundbutterflies.org/Elymnias-patna
https://www.ifoundbutterflies.org/Elymnias-peali
https://www.ifoundbutterflies.org/Elymnias-penanga
https://www.ifoundbutterflies.org/Elymnias-vasudeva
https://www.ifoundbutterflies.org/Cyllogenes-suradeva
https://www.ifoundbutterflies.org/Cyllogenes-janetae
https://www.ifoundbutterflies.org/Melanitis-leda
https://www.ifoundbutterflies.org/Melanitis-phedima
https://www.ifoundbutterflies.org/Melanitis-zitenius
https://www.ifoundbutterflies.org/Parantirrhoea-marshalli
https://www.ifoundbutterflies.org/Aulocera-brahminus
https://www.ifoundbutterflies.org/Aulocera-loha
https://www.ifoundbutterflies.org/Aulocera-padma
https://www.ifoundbutterflies.org/Aulocera-saraswati
https://www.ifoundbutterflies.org/Aulocera-swaha
https://www.ifoundbutterflies.org/Callerebia-annada
https://www.ifoundbutterflies.org/Callerebia-baileyi
https://www.ifoundbutterflies.org/Callerebia-dibangensis
https://www.ifoundbutterflies.org/Callerebia-hybrida
https://www.ifoundbutterflies.org/Callerebia-hyagriva
https://www.ifoundbutterflies.org/Callerebia-narasingha
https://www.ifoundbutterflies.org/Callerebia-nirmala
https://www.ifoundbutterflies.org/Callerebia-orixa
https://www.ifoundbutterflies.org/Callerebia-scanda
https://www.ifoundbutterflies.org/Callerebia-suroia
https://www.ifoundbutterflies.org/Callerebia-watsoni
https://www.ifoundbutterflies.org/Paralasa-kalinda
https://www.ifoundbutterflies.org/Paralasa-mani
https://www.ifoundbutterflies.org/Paralasa-shallada
https://www.ifoundbutterflies.org/Pseudochazara-lehana
https://www.ifoundbutterflies.org/Chonala-masoni
https://www.ifoundbutterflies.org/Coelites-nothis
https://www.ifoundbutterflies.org/Hipparchia-parisatis
https://www.ifoundbutterflies.org/Hyponephele-brevistigma
https://www.ifoundbutterflies.org/Hyponephele-cheena
https://www.ifoundbutterflies.org/Hyponephele-coenonympha
https://www.ifoundbutterflies.org/Hyponephele-davendra
https://www.ifoundbutterflies.org/Hyponephele-pulchella
https://www.ifoundbutterflies.org/Hyponephele-pulchra
https://www.ifoundbutterflies.org/Karanasa-huebneri
https://www.ifoundbutterflies.org/Kirinia-eversmanni
https://www.ifoundbutterflies.org/Lasiommata-menava
https://www.ifoundbutterflies.org/Lasiommata-maerula
https://www.ifoundbutterflies.org/Lasiommata-schakra
https://www.ifoundbutterflies.org/Lethe-atkinsonia
https://www.ifoundbutterflies.org/Lethe-baladeva
https://www.ifoundbutterflies.org/Lethe-bhairava
https://www.ifoundbutterflies.org/Lethe-brisanda
https://www.ifoundbutterflies.org/Lethe-chandica
https://www.ifoundbutterflies.org/Lethe-confusa
https://www.ifoundbutterflies.org/Lethe-distans
https://www.ifoundbutterflies.org/Lethe-drypetis
https://www.ifoundbutterflies.org/Lethe-dura
https://www.ifoundbutterflies.org/Lethe-europa
https://www.ifoundbutterflies.org/Lethe-tamuna
https://www.ifoundbutterflies.org/Lethe-gemina
https://www.ifoundbutterflies.org/Lethe-goalpara
https://www.ifoundbutterflies.org/Lethe-gulnihal
https://www.ifoundbutterflies.org/Lethe-isana
https://www.ifoundbutterflies.org/Lethe-jalaurida
https://www.ifoundbutterflies.org/Lethe-kabrua
https://www.ifoundbutterflies.org/Lethe-kanjupkula
https://www.ifoundbutterflies.org/Lethe-kansa
https://www.ifoundbutterflies.org/Lethe-latiaris
https://www.ifoundbutterflies.org/Lethe-maitrya
https://www.ifoundbutterflies.org/Lethe-margaritae
https://www.ifoundbutterflies.org/Lethe-mekara
https://www.ifoundbutterflies.org/Lethe-naga
https://www.ifoundbutterflies.org/Lethe-nicetas
https://www.ifoundbutterflies.org/Lethe-nicetella
https://www.ifoundbutterflies.org/Lethe-ramadeva
https://www.ifoundbutterflies.org/Lethe-rohria
https://www.ifoundbutterflies.org/Lethe-scanda
https://www.ifoundbutterflies.org/Lethe-serbonis
https://www.ifoundbutterflies.org/Lethe-siderea
https://www.ifoundbutterflies.org/Lethe-sidonis
https://www.ifoundbutterflies.org/Lethe-sinorix
https://www.ifoundbutterflies.org/Lethe-sura
https://www.ifoundbutterflies.org/Lethe-tristigmata
https://www.ifoundbutterflies.org/Lethe-verma
https://www.ifoundbutterflies.org/Lethe-vindhya
https://www.ifoundbutterflies.org/Lethe-visrava
https://www.ifoundbutterflies.org/Neope-armandii
https://www.ifoundbutterflies.org/Neope-bhadra
https://www.ifoundbutterflies.org/Neope-pulaha
https://www.ifoundbutterflies.org/Neope-pulahoides
https://www.ifoundbutterflies.org/Neope-pulahina
https://www.ifoundbutterflies.org/Neope-yama
https://www.ifoundbutterflies.org/Telinga-adolphei
https://www.ifoundbutterflies.org/Telinga-davisoni
https://www.ifoundbutterflies.org/Telinga-heri
https://www.ifoundbutterflies.org/Telinga-lepcha
https://www.ifoundbutterflies.org/Telinga-malsara
https://www.ifoundbutterflies.org/Telinga-malsarida
https://www.ifoundbutterflies.org/Telinga-mestra
https://www.ifoundbutterflies.org/Telinga-misenus
https://www.ifoundbutterflies.org/Telinga-nicotia
https://www.ifoundbutterflies.org/Telinga-oculus
https://www.ifoundbutterflies.org/Mycalesis-adamsonii
https://www.ifoundbutterflies.org/Mycalesis-anaxias
https://www.ifoundbutterflies.org/Mycalesis-francisca
https://www.ifoundbutterflies.org/Mycalesis-gotama
https://www.ifoundbutterflies.org/Mycalesis-igilia
https://www.ifoundbutterflies.org/Mycalesis-intermedia
https://www.ifoundbutterflies.org/Mycalesis-manii
https://www.ifoundbutterflies.org/Mycalesis-mercea
https://www.ifoundbutterflies.org/Mycalesis-mineus
https://www.ifoundbutterflies.org/Mycalesis-orcha
https://www.ifoundbutterflies.org/Mycalesis-junonia
https://www.ifoundbutterflies.org/Mycalesis-perseus
https://www.ifoundbutterflies.org/Mycalesis-radza
https://www.ifoundbutterflies.org/Mycalesis-subdita
https://www.ifoundbutterflies.org/Mycalesis-suaveolens
https://www.ifoundbutterflies.org/Mycalesis-visala
https://www.ifoundbutterflies.org/Paroeneis-pumilus
https://www.ifoundbutterflies.org/Orinoma-damaris
https://www.ifoundbutterflies.org/Orsotriaena-medus
https://www.ifoundbutterflies.org/Ragadia-crisilda
https://www.ifoundbutterflies.org/Ragadia-crito
https://www.ifoundbutterflies.org/Rhaphicera-moorei
https://www.ifoundbutterflies.org/Rhaphicera-satricus
https://www.ifoundbutterflies.org/Ypthima-affectata
https://www.ifoundbutterflies.org/Ypthima-asterope
https://www.ifoundbutterflies.org/Ypthima-avanta
https://www.ifoundbutterflies.org/Ypthima-baldus
https://www.ifoundbutterflies.org/Ypthima-burmana
https://www.ifoundbutterflies.org/Ypthima-cantliei
https://www.ifoundbutterflies.org/Ypthima-ceylonica
https://www.ifoundbutterflies.org/Ypthima-chenu
https://www.ifoundbutterflies.org/Ypthima-fusca
https://www.ifoundbutterflies.org/Ypthima-hannyngtoni
https://www.ifoundbutterflies.org/Ypthima-huebneri
https://www.ifoundbutterflies.org/Ypthima-indecora
https://www.ifoundbutterflies.org/Ypthima-inica
https://www.ifoundbutterflies.org/Ypthima-kasmira
https://www.ifoundbutterflies.org/Ypthima-methora
https://www.ifoundbutterflies.org/Ypthima-nareda
https://www.ifoundbutterflies.org/Ypthima-newara
https://www.ifoundbutterflies.org/Ypthima-nikaea
https://www.ifoundbutterflies.org/Ypthima-parasakra
https://www.ifoundbutterflies.org/Ypthima-sakra
https://www.ifoundbutterflies.org/Ypthima-singala
https://www.ifoundbutterflies.org/Ypthima-striata
https://www.ifoundbutterflies.org/Ypthima-tabella
https://www.ifoundbutterflies.org/Ypthima-ypthimoides
https://www.ifoundbutterflies.org/Zipaetis-saitis
https://www.ifoundbutterflies.org/Zipaetis-scylax
https://www.ifoundbutterflies.org/Ethope-himachala
https://www.ifoundbutterflies.org/Neorina-hilda
https://www.ifoundbutterflies.org/Neorina-patria
https://www.ifoundbutterflies.org/Penthema-lisarda
https://www.ifoundbutterflies.org/Poritia-hewitsoni
https://www.ifoundbutterflies.org/Poritia-erycinoides
https://www.ifoundbutterflies.org/Simiskina-phalena
https://www.ifoundbutterflies.org/Liphyra-brassolis
https://www.ifoundbutterflies.org/Miletus-chinensis
https://www.ifoundbutterflies.org/Allotinus-drumila
https://www.ifoundbutterflies.org/Allotinus-unicolor
https://www.ifoundbutterflies.org/Logania-distanti
https://www.ifoundbutterflies.org/Spalgis-epius
https://www.ifoundbutterflies.org/Taraka-hamada
https://www.ifoundbutterflies.org/Curetis-thetis
https://www.ifoundbutterflies.org/Curetis-saronis
https://www.ifoundbutterflies.org/Curetis-bulis
https://www.ifoundbutterflies.org/Curetis-siva
https://www.ifoundbutterflies.org/Curetis-acuta
https://www.ifoundbutterflies.org/Cigaritis-abnormis
https://www.ifoundbutterflies.org/Cigaritis-conjuncta
https://www.ifoundbutterflies.org/Cigaritis-elima
https://www.ifoundbutterflies.org/Cigaritis-elwesi
https://www.ifoundbutterflies.org/Cigaritis-evansii
https://www.ifoundbutterflies.org/Cigaritis-ictis
https://www.ifoundbutterflies.org/Cigaritis-lilacinus
https://www.ifoundbutterflies.org/Cigaritis-lohita
https://www.ifoundbutterflies.org/Cigaritis-nipalicus
https://www.ifoundbutterflies.org/Cigaritis-rukma
https://www.ifoundbutterflies.org/Cigaritis-rukmini
https://www.ifoundbutterflies.org/Cigaritis-schistacea
https://www.ifoundbutterflies.org/Cigaritis-syama
https://www.ifoundbutterflies.org/Cigaritis-vulcanus
https://www.ifoundbutterflies.org/Cigaritis-zhengweilie
https://www.ifoundbutterflies.org/Talicada-nyseus
https://www.ifoundbutterflies.org/Castalius-rosimon
https://www.ifoundbutterflies.org/Discolampa-ethion
https://www.ifoundbutterflies.org/Caleta-decidia
https://www.ifoundbutterflies.org/Caleta-elna
https://www.ifoundbutterflies.org/Caleta-roxus
https://www.ifoundbutterflies.org/Tarucus-ananda
https://www.ifoundbutterflies.org/Tarucus-waterstradti
https://www.ifoundbutterflies.org/Tarucus-venosus
https://www.ifoundbutterflies.org/Tarucus-hazara
https://www.ifoundbutterflies.org/Tarucus-callinara
https://www.ifoundbutterflies.org/Tarucus-indica
https://www.ifoundbutterflies.org/Tarucus-balkanica
https://www.ifoundbutterflies.org/Tarucus-nara
https://www.ifoundbutterflies.org/Leptotes-plinius
https://www.ifoundbutterflies.org/Azanus-ubaldus
https://www.ifoundbutterflies.org/Azanus-uranus
https://www.ifoundbutterflies.org/Azanus-jesous
https://www.ifoundbutterflies.org/Pithecops-fulgens
https://www.ifoundbutterflies.org/Pithecops-corvus
https://www.ifoundbutterflies.org/Neopithecops-zalmora
https://www.ifoundbutterflies.org/Everes-argiades
https://www.ifoundbutterflies.org/Huegelia-hugelii
https://www.ifoundbutterflies.org/Everes-hugelii
https://www.ifoundbutterflies.org/Lacturnea-lacturnus
https://www.ifoundbutterflies.org/Tongeia-kala
https://www.ifoundbutterflies.org/Tongeia-pseudozuthus
https://www.ifoundbutterflies.org/Shijimia-moorei
https://www.ifoundbutterflies.org/Bothrinia-chennelli
https://www.ifoundbutterflies.org/Megisba-malaya
https://www.ifoundbutterflies.org/Acytolepis-puspa
https://www.ifoundbutterflies.org/Acytolepis-lilacea
https://www.ifoundbutterflies.org/Oreolyce-vardhana
https://www.ifoundbutterflies.org/Callenya-melaena
https://www.ifoundbutterflies.org/Celatoxia-albidisca
https://www.ifoundbutterflies.org/Celatoxia-marginata
https://www.ifoundbutterflies.org/Lestranicus-transpectus
https://www.ifoundbutterflies.org/Monodontides-musina
https://www.ifoundbutterflies.org/Udara-akasa
https://www.ifoundbutterflies.org/Udara-albocaeruleus
https://www.ifoundbutterflies.org/Udara-dilectus
https://www.ifoundbutterflies.org/Celastrina-argiolus
https://www.ifoundbutterflies.org/Celastrina-gigas
https://www.ifoundbutterflies.org/Celastrina-lavendularis
https://www.ifoundbutterflies.org/Phengaris-atroguttata
https://www.ifoundbutterflies.org/Pseudophilotes-vicrama
https://www.ifoundbutterflies.org/Agriades-jaloka
https://www.ifoundbutterflies.org/Albulina-asiatica
https://www.ifoundbutterflies.org/Albulina-chrysopis
https://www.ifoundbutterflies.org/Albulina-galathea
https://www.ifoundbutterflies.org/Albulina-lehanus
https://www.ifoundbutterflies.org/Albulina-metallica
https://www.ifoundbutterflies.org/Albulina-omphisa
https://www.ifoundbutterflies.org/Aricia-agestis
https://www.ifoundbutterflies.org/Plebejus-devanica
https://www.ifoundbutterflies.org/Plebejus-samudra
https://www.ifoundbutterflies.org/Polyommatus-ariana
https://www.ifoundbutterflies.org/Polyommatus-dux
https://www.ifoundbutterflies.org/Polyommatus-nepalensis
https://www.ifoundbutterflies.org/Polyommatus-pseuderos
https://www.ifoundbutterflies.org/Polyommatus-stoliczkana
https://www.ifoundbutterflies.org/Polyommatus-janetae
https://www.ifoundbutterflies.org/Freyeria-putli
https://www.ifoundbutterflies.org/Freyeria-trochylus
https://www.ifoundbutterflies.org/Pseudozizeeria-maha
https://www.ifoundbutterflies.org/Zizeeria-karsandra
https://www.ifoundbutterflies.org/Zizula-hylax
https://www.ifoundbutterflies.org/Zizina-otis
https://www.ifoundbutterflies.org/Euchrysops-cnejus
https://www.ifoundbutterflies.org/Lachides-parrhasius
https://www.ifoundbutterflies.org/Luthrodes-pandava
https://www.ifoundbutterflies.org/Chilades-lajus
https://www.ifoundbutterflies.org/Catochrysops-strabo
https://www.ifoundbutterflies.org/Catochrysops-panormus
https://www.ifoundbutterflies.org/Lampides-boeticus
https://www.ifoundbutterflies.org/Jamides-alecto
https://www.ifoundbutterflies.org/Jamides-bochus
https://www.ifoundbutterflies.org/Jamides-caerulea
https://www.ifoundbutterflies.org/Jamides-celeno
https://www.ifoundbutterflies.org/Jamides-elpis
https://www.ifoundbutterflies.org/Jamides-pura
https://www.ifoundbutterflies.org/Orthomiella-pontis
https://www.ifoundbutterflies.org/Una-usta
https://www.ifoundbutterflies.org/Ionolyce-helicon
https://www.ifoundbutterflies.org/Nacaduba-pactolus
https://www.ifoundbutterflies.org/Nacaduba-hermus
https://www.ifoundbutterflies.org/Nacaduba-pavana
https://www.ifoundbutterflies.org/Nacaduba-kurava
https://www.ifoundbutterflies.org/Nacaduba-beroe
https://www.ifoundbutterflies.org/Nacaduba-calauria
https://www.ifoundbutterflies.org/Nacaduba-sinhala
https://www.ifoundbutterflies.org/Prosotas-aluta
https://www.ifoundbutterflies.org/Prosotas-bhutea
https://www.ifoundbutterflies.org/Prosotas-nora
https://www.ifoundbutterflies.org/Prosotas-dubiosa
https://www.ifoundbutterflies.org/Prosotas-lutea
https://www.ifoundbutterflies.org/Prosotas-noreia
https://www.ifoundbutterflies.org/Prosotas-pia
https://www.ifoundbutterflies.org/Petrelaea-dana
https://www.ifoundbutterflies.org/Niphanda-cymbia
https://www.ifoundbutterflies.org/Anthene-emolus
https://www.ifoundbutterflies.org/Anthene-lycaenina
https://www.ifoundbutterflies.org/Lycaena-aditya
https://www.ifoundbutterflies.org/Lycaena-kasyapa
https://www.ifoundbutterflies.org/Lycaena-panava
https://www.ifoundbutterflies.org/Lycaena-phlaeas
https://www.ifoundbutterflies.org/Heliophorus-androcles
https://www.ifoundbutterflies.org/Heliophorus-moorei
https://www.ifoundbutterflies.org/Heliophorus-bakeri
https://www.ifoundbutterflies.org/Heliophorus-brahma
https://www.ifoundbutterflies.org/Heliophorus-epicles
https://www.ifoundbutterflies.org/Heliophorus-hybrida
https://www.ifoundbutterflies.org/Heliophorus-pseudonexus
https://www.ifoundbutterflies.org/Heliophorus-indicus
https://www.ifoundbutterflies.org/Heliophorus-kohimensis
https://www.ifoundbutterflies.org/Heliophorus-oda
https://www.ifoundbutterflies.org/Heliophorus-sena
https://www.ifoundbutterflies.org/Heliophorus-tamu
https://www.ifoundbutterflies.org/Superflua-deria
https://www.ifoundbutterflies.org/Superflua-sassanides
https://www.ifoundbutterflies.org/Chaetoprocta-odata
https://www.ifoundbutterflies.org/Euaspa-mikamii
https://www.ifoundbutterflies.org/Euaspa-milionia
https://www.ifoundbutterflies.org/Chrysozephyrus-disparatus
https://www.ifoundbutterflies.org/Chrysozephyrus-tytleri
https://www.ifoundbutterflies.org/Chrysozephyrus-duma
https://www.ifoundbutterflies.org/Chrysozephyrus-dumoides
https://www.ifoundbutterflies.org/Esakiozephyrus-icana
https://www.ifoundbutterflies.org/Fujiokaozephyrus-camurius
https://www.ifoundbutterflies.org/Inomataozephyrus-assamica
https://www.ifoundbutterflies.org/Shirozuozephyrus-bhutanensis
https://www.ifoundbutterflies.org/Shirozuozephyrus-kirbariensis
https://www.ifoundbutterflies.org/Shizuyaozephyrus-ziha
https://www.ifoundbutterflies.org/Thermozephyrus-ataxus
https://www.ifoundbutterflies.org/Iraota-timoleon
https://www.ifoundbutterflies.org/Iraota-rochana
https://www.ifoundbutterflies.org/Amblypodia-anita
https://www.ifoundbutterflies.org/Thaduka-multicaudata
https://www.ifoundbutterflies.org/Mahathala-ameria
https://www.ifoundbutterflies.org/Apporasa-atkinsoni
https://www.ifoundbutterflies.org/Arhopala-abseus
https://www.ifoundbutterflies.org/Arhopala-alea
https://www.ifoundbutterflies.org/Arhopala-amantes
https://www.ifoundbutterflies.org/Arhopala-ammonides
https://www.ifoundbutterflies.org/Arhopala-anthelus
https://www.ifoundbutterflies.org/Arhopala-asinarus
https://www.ifoundbutterflies.org/Arhopala-asopia
https://www.ifoundbutterflies.org/Arhopala-athada
https://www.ifoundbutterflies.org/Arhopala-atrax
https://www.ifoundbutterflies.org/Arhopala-bazaloides
https://www.ifoundbutterflies.org/Arhopala-bazalus
https://www.ifoundbutterflies.org/Arhopala-belphoebe
https://www.ifoundbutterflies.org/Arhopala-birmana
https://www.ifoundbutterflies.org/Arhopala-camdeo
https://www.ifoundbutterflies.org/Arhopala-centaurus
https://www.ifoundbutterflies.org/Arhopala-comica
https://www.ifoundbutterflies.org/Arhopala-curiosa
https://www.ifoundbutterflies.org/Arhopala-dispar
https://www.ifoundbutterflies.org/Arhopala-dodonaea
https://www.ifoundbutterflies.org/Arhopala-eumolphus
https://www.ifoundbutterflies.org/Arhopala-hellenore
https://www.ifoundbutterflies.org/Arhopala-fulla
https://www.ifoundbutterflies.org/Arhopala-ganesa
https://www.ifoundbutterflies.org/Arhopala-khamti
https://www.ifoundbutterflies.org/Arhopala-oenea
https://www.ifoundbutterflies.org/Arhopala-paraganesa
https://www.ifoundbutterflies.org/Arhopala-paramuta
https://www.ifoundbutterflies.org/Arhopala-perimuta
https://www.ifoundbutterflies.org/Arhopala-rama
https://www.ifoundbutterflies.org/Arhopala-silhetensis
https://www.ifoundbutterflies.org/Arhopala-singla
https://www.ifoundbutterflies.org/Flos-adriana
https://www.ifoundbutterflies.org/Flos-apidanus
https://www.ifoundbutterflies.org/Flos-areste
https://www.ifoundbutterflies.org/Flos-asoka
https://www.ifoundbutterflies.org/Flos-chinensis
https://www.ifoundbutterflies.org/Flos-diardi
https://www.ifoundbutterflies.org/Flos-fulgida
https://www.ifoundbutterflies.org/Surendra-quercetorum
https://www.ifoundbutterflies.org/Zinaspa-todara
https://www.ifoundbutterflies.org/Mota-massyla
https://www.ifoundbutterflies.org/Loxura-atymnus
https://www.ifoundbutterflies.org/Yasoda-tripunctata
https://www.ifoundbutterflies.org/Zesius-chrysomallus
https://www.ifoundbutterflies.org/Ancema-ctesia
https://www.ifoundbutterflies.org/Ancema-blanka
https://www.ifoundbutterflies.org/Ancema-sudica
https://www.ifoundbutterflies.org/Remelana-jangala
https://www.ifoundbutterflies.org/Dacalana-penicilligera
https://www.ifoundbutterflies.org/Dacalana-cotys
https://www.ifoundbutterflies.org/Pratapa-deva
https://www.ifoundbutterflies.org/Pratapa-icetas
https://www.ifoundbutterflies.org/Pratapa-icetoides
https://www.ifoundbutterflies.org/Creon-cleobis
https://www.ifoundbutterflies.org/Maneca-bhotea
https://www.ifoundbutterflies.org/Bullis-buto
https://www.ifoundbutterflies.org/Tajuria-yajna
https://www.ifoundbutterflies.org/Tajuria-melastigma
https://www.ifoundbutterflies.org/Tajuria-ister
https://www.ifoundbutterflies.org/Tajuria-diaeus
https://www.ifoundbutterflies.org/Tajuria-jehana
https://www.ifoundbutterflies.org/Tajuria-cippus
https://www.ifoundbutterflies.org/Tajuria-illurgioides
https://www.ifoundbutterflies.org/Tajuria-luculentus
https://www.ifoundbutterflies.org/Tajuria-maculatus
https://www.ifoundbutterflies.org/Rachana-jalindra
https://www.ifoundbutterflies.org/Charana-mandarinus
https://www.ifoundbutterflies.org/Neocheritra-fabronia
https://www.ifoundbutterflies.org/Suasa-lisides
https://www.ifoundbutterflies.org/Cheritrella-truncipennis
https://www.ifoundbutterflies.org/Cheritra-freja
https://www.ifoundbutterflies.org/Ticherra-acte
https://www.ifoundbutterflies.org/Drupadia-scaeva
https://www.ifoundbutterflies.org/Rathinda-amor
https://www.ifoundbutterflies.org/Horaga-onyx
https://www.ifoundbutterflies.org/Horaga-viola
https://www.ifoundbutterflies.org/Catapaecilma-major
https://www.ifoundbutterflies.org/Catapaecilma-subochrea
https://www.ifoundbutterflies.org/Acupicta-delicatum
https://www.ifoundbutterflies.org/Hypolycaena-othona
https://www.ifoundbutterflies.org/Hypolycaena-kina
https://www.ifoundbutterflies.org/Hypolycaena-narada
https://www.ifoundbutterflies.org/Hypolycaena-nilgirica
https://www.ifoundbutterflies.org/Hypolycaena-erylus
https://www.ifoundbutterflies.org/Zeltus-amasa
https://www.ifoundbutterflies.org/Artipe-eryx
https://www.ifoundbutterflies.org/Deudorix-epijarbas
https://www.ifoundbutterflies.org/Virachola-isocrates
https://www.ifoundbutterflies.org/Virachola-perse
https://www.ifoundbutterflies.org/Rapala-damona
https://www.ifoundbutterflies.org/Rapala-dieneces
https://www.ifoundbutterflies.org/Rapala-iarbus
https://www.ifoundbutterflies.org/Rapala-lankana
https://www.ifoundbutterflies.org/Rapala-manea
https://www.ifoundbutterflies.org/Rapala-melida
https://www.ifoundbutterflies.org/Rapala-nissa
https://www.ifoundbutterflies.org/Rapala-pheretima
https://www.ifoundbutterflies.org/Rapala-rectivitta
https://www.ifoundbutterflies.org/Rapala-refulgens
https://www.ifoundbutterflies.org/Rapala-rosacea
https://www.ifoundbutterflies.org/Rapala-selira
https://www.ifoundbutterflies.org/Rapala-suffusa
https://www.ifoundbutterflies.org/Rapala-tara
https://www.ifoundbutterflies.org/Rapala-varuna
https://www.ifoundbutterflies.org/Sinthusa-virgo
https://www.ifoundbutterflies.org/Sinthusa-chandrana
https://www.ifoundbutterflies.org/Sinthusa-nasaka
https://www.ifoundbutterflies.org/Bindahara-phocides
https://www.ifoundbutterflies.org/Bindahara-moorei
https://www.ifoundbutterflies.org/Araotes-lapithis
https://www.ifoundbutterflies.org/Dodona-adonira
https://www.ifoundbutterflies.org/Dodona-dipoea
https://www.ifoundbutterflies.org/Dodona-durga
https://www.ifoundbutterflies.org/Dodona-egeon
https://www.ifoundbutterflies.org/Dodona-eugenes
https://www.ifoundbutterflies.org/Dodona-deodata
https://www.ifoundbutterflies.org/Dodona-longicaudata
https://www.ifoundbutterflies.org/Dodona-ouida
https://www.ifoundbutterflies.org/Stiboges-nymphidia
https://www.ifoundbutterflies.org/Zemeros-flegyas
https://www.ifoundbutterflies.org/Taxila-haquinus
https://www.ifoundbutterflies.org/Abisara-bifasciata
https://www.ifoundbutterflies.org/Abisara-burnii
https://www.ifoundbutterflies.org/Abisara-chela
https://www.ifoundbutterflies.org/Abisara-echerius
https://www.ifoundbutterflies.org/Abisara-fylla
https://www.ifoundbutterflies.org/Abisara-neophron
https://www.ifoundbutterflies.org/Abisara-attenuata
